0 info it worked if it ends with ok
1 verbose cli [ '/home/ztnelson/.nvm/versions/node/v5.0.0/bin/node',
1 verbose cli   '/home/ztnelson/.nvm/versions/node/v5.0.0/bin/npm',
1 verbose cli   'start' ]
2 info using npm@3.3.6
3 info using node@v5.0.0
4 verbose stack Error: ENOENT: no such file or directory, open '/home/ztnelson/Desktop/AncestorsVSIndexers/Ancestors-vs-Indexers/package.json'
4 verbose stack     at Error (native)
5 verbose cwd /home/ztnelson/Desktop/AncestorsVSIndexers/Ancestors-vs-Indexers
6 error Linux 4.4.0-28-generic
7 error argv "/home/ztnelson/.nvm/versions/node/v5.0.0/bin/node" "/home/ztnelson/.nvm/versions/node/v5.0.0/bin/npm" "start"
8 error node v5.0.0
9 error npm  v3.3.6
10 error path /home/ztnelson/Desktop/AncestorsVSIndexers/Ancestors-vs-Indexers/package.json
11 error code ENOENT
12 error errno -2
13 error syscall open
14 error enoent ENOENT: no such file or directory, open '/home/ztnelson/Desktop/AncestorsVSIndexers/Ancestors-vs-Indexers/package.json'
14 error enoent This is most likely not a problem with npm itself
14 error enoent and is related to npm not being able to find a file.
15 verbose exit [ -2, true ]
